2025-05-23 04:07:04 - api.chains.youtube - INFO - Starting content generation for video BkTQl4N82ic, type: quiz
2025-05-23 04:07:04 - api.chains.youtube - INFO - YouTube Quiz Generator initialized successfully
2025-05-23 04:07:04 - api.chains.youtube - INFO - Starting quiz generation for video BkTQl4N82ic with 5 questions
2025-05-23 04:07:04 - api.chains.youtube - INFO - Getting transcript for video ID: BkTQl4N82ic
2025-05-23 04:07:04 - urllib3.connectionpool - DEBUG - Starting new HTTPS connection (1): www.youtube.com:443
2025-05-23 04:07:05 - urllib3.connectionpool - DEBUG - https://www.youtube.com:443 "GET /watch?v=BkTQl4N82ic HTTP/1.1" 200 None
2025-05-23 04:07:06 - api.chains.youtube - ERROR - Error getting transcript: 
Could not retrieve a transcript for the video https://www.youtube.com/watch?v=BkTQl4N82ic! This is most likely caused by:

No transcripts were found for any of the requested language codes: ['en']

For this video (BkTQl4N82ic) transcripts are available in the following languages:

(MANUALLY CREATED)
None

(GENERATED)
 - hi ("Hindi (auto-generated)")[TRANSLATABLE]

(TRANSLATION LANGUAGES)
 - ab ("Abkhazian")
 - aa ("Afar")
 - af ("Afrikaans")
 - ak ("Akan")
 - sq ("Albanian")
 - am ("Amharic")
 - ar ("Arabic")
 - hy ("Armenian")
 - as ("Assamese")
 - ay ("Aymara")
 - az ("Azerbaijani")
 - bn ("Bangla")
 - ba ("Bashkir")
 - eu ("Basque")
 - be ("Belarusian")
 - bho ("Bhojpuri")
 - bs ("Bosnian")
 - br ("Breton")
 - bg ("Bulgarian")
 - my ("Burmese")
 - ca ("Catalan")
 - ceb ("Cebuano")
 - zh-Hans ("Chinese (Simplified)")
 - zh-Hant ("Chinese (Traditional)")
 - co ("Corsican")
 - hr ("Croatian")
 - cs ("Czech")
 - da ("Danish")
 - dv ("Divehi")
 - nl ("Dutch")
 - dz ("Dzongkha")
 - en ("English")
 - eo ("Esperanto")
 - et ("Estonian")
 - ee ("Ewe")
 - fo ("Faroese")
 - fj ("Fijian")
 - fil ("Filipino")
 - fi ("Finnish")
 - fr ("French")
 - gaa ("Ga")
 - gl ("Galician")
 - lg ("Ganda")
 - ka ("Georgian")
 - de ("German")
 - el ("Greek")
 - gn ("Guarani")
 - gu ("Gujarati")
 - ht ("Haitian Creole")
 - ha ("Hausa")
 - haw ("Hawaiian")
 - iw ("Hebrew")
 - hi ("Hindi")
 - hmn ("Hmong")
 - hu ("Hungarian")
 - is ("Icelandic")
 - ig ("Igbo")
 - id ("Indonesian")
 - iu ("Inuktitut")
 - ga ("Irish")
 - it ("Italian")
 - ja ("Japanese")
 - jv ("Javanese")
 - kl ("Kalaallisut")
 - kn ("Kannada")
 - kk ("Kazakh")
 - kha ("Khasi")
 - km ("Khmer")
 - rw ("Kinyarwanda")
 - ko ("Korean")
 - kri ("Krio")
 - ku ("Kurdish")
 - ky ("Kyrgyz")
 - lo ("Lao")
 - la ("Latin")
 - lv ("Latvian")
 - ln ("Lingala")
 - lt ("Lithuanian")
 - lua ("Luba-Lulua")
 - luo ("Luo")
 - lb ("Luxembourgish")
 - mk ("Macedonian")
 - mg ("Malagasy")
 - ms ("Malay")
 - ml ("Malayalam")
 - mt ("Maltese")
 - gv ("Manx")
 - mi ("M\u0101ori")
 - mr ("Marathi")
 - mn ("Mongolian")
 - mfe ("Morisyen")
 - ne ("Nepali")
 - new ("Newari")
 - nso ("Northern Sotho")
 - no ("Norwegian")
 - ny ("Nyanja")
 - oc ("Occitan")
 - or ("Odia")
 - om ("Oromo")
 - os ("Ossetic")
 - pam ("Pampanga")
 - ps ("Pashto")
 - fa ("Persian")
 - pl ("Polish")
 - pt ("Portuguese")
 - pt-PT ("Portuguese (Portugal)")
 - pa ("Punjabi")
 - qu ("Quechua")
 - ro ("Romanian")
 - rn ("Rundi")
 - ru ("Russian")
 - sm ("Samoan")
 - sg ("Sango")
 - sa ("Sanskrit")
 - gd ("Scottish Gaelic")
 - sr ("Serbian")
 - crs ("Seselwa Creole French")
 - sn ("Shona")
 - sd ("Sindhi")
 - si ("Sinhala")
 - sk ("Slovak")
 - sl ("Slovenian")
 - so ("Somali")
 - st ("Southern Sotho")
 - es ("Spanish")
 - su ("Sundanese")
 - sw ("Swahili")
 - ss ("Swati")
 - sv ("Swedish")
 - tg ("Tajik")
 - ta ("Tamil")
 - tt ("Tatar")
 - te ("Telugu")
 - th ("Thai")
 - bo ("Tibetan")
 - ti ("Tigrinya")
 - to ("Tongan")
 - ts ("Tsonga")
 - tn ("Tswana")
 - tum ("Tumbuka")
 - tr ("Turkish")
 - tk ("Turkmen")
 - uk ("Ukrainian")
 - ur ("Urdu")
 - ug ("Uyghur")
 - uz ("Uzbek")
 - ve ("Venda")
 - vi ("Vietnamese")
 - war ("Waray")
 - cy ("Welsh")
 - fy ("Western Frisian")
 - wo ("Wolof")
 - xh ("Xhosa")
 - yi ("Yiddish")
 - yo ("Yoruba")
 - zu ("Zulu")

If you are sure that the described cause is not responsible for this error and that a transcript should be retrievable, please create an issue at https://github.com/jdepoix/youtube-transcript-api/issues. Please add which version of youtube_transcript_api you are using and provide the information needed to replicate the error. Also make sure that there are no open issues which already describe your problem!
2025-05-23 04:07:06 - api.chains.youtube - ERROR - Error generating quiz: Failed to get transcript: 
Could not retrieve a transcript for the video https://www.youtube.com/watch?v=BkTQl4N82ic! This is most likely caused by:

No transcripts were found for any of the requested language codes: ['en']

For this video (BkTQl4N82ic) transcripts are available in the following languages:

(MANUALLY CREATED)
None

(GENERATED)
 - hi ("Hindi (auto-generated)")[TRANSLATABLE]

(TRANSLATION LANGUAGES)
 - ab ("Abkhazian")
 - aa ("Afar")
 - af ("Afrikaans")
 - ak ("Akan")
 - sq ("Albanian")
 - am ("Amharic")
 - ar ("Arabic")
 - hy ("Armenian")
 - as ("Assamese")
 - ay ("Aymara")
 - az ("Azerbaijani")
 - bn ("Bangla")
 - ba ("Bashkir")
 - eu ("Basque")
 - be ("Belarusian")
 - bho ("Bhojpuri")
 - bs ("Bosnian")
 - br ("Breton")
 - bg ("Bulgarian")
 - my ("Burmese")
 - ca ("Catalan")
 - ceb ("Cebuano")
 - zh-Hans ("Chinese (Simplified)")
 - zh-Hant ("Chinese (Traditional)")
 - co ("Corsican")
 - hr ("Croatian")
 - cs ("Czech")
 - da ("Danish")
 - dv ("Divehi")
 - nl ("Dutch")
 - dz ("Dzongkha")
 - en ("English")
 - eo ("Esperanto")
 - et ("Estonian")
 - ee ("Ewe")
 - fo ("Faroese")
 - fj ("Fijian")
 - fil ("Filipino")
 - fi ("Finnish")
 - fr ("French")
 - gaa ("Ga")
 - gl ("Galician")
 - lg ("Ganda")
 - ka ("Georgian")
 - de ("German")
 - el ("Greek")
 - gn ("Guarani")
 - gu ("Gujarati")
 - ht ("Haitian Creole")
 - ha ("Hausa")
 - haw ("Hawaiian")
 - iw ("Hebrew")
 - hi ("Hindi")
 - hmn ("Hmong")
 - hu ("Hungarian")
 - is ("Icelandic")
 - ig ("Igbo")
 - id ("Indonesian")
 - iu ("Inuktitut")
 - ga ("Irish")
 - it ("Italian")
 - ja ("Japanese")
 - jv ("Javanese")
 - kl ("Kalaallisut")
 - kn ("Kannada")
 - kk ("Kazakh")
 - kha ("Khasi")
 - km ("Khmer")
 - rw ("Kinyarwanda")
 - ko ("Korean")
 - kri ("Krio")
 - ku ("Kurdish")
 - ky ("Kyrgyz")
 - lo ("Lao")
 - la ("Latin")
 - lv ("Latvian")
 - ln ("Lingala")
 - lt ("Lithuanian")
 - lua ("Luba-Lulua")
 - luo ("Luo")
 - lb ("Luxembourgish")
 - mk ("Macedonian")
 - mg ("Malagasy")
 - ms ("Malay")
 - ml ("Malayalam")
 - mt ("Maltese")
 - gv ("Manx")
 - mi ("M\u0101ori")
 - mr ("Marathi")
 - mn ("Mongolian")
 - mfe ("Morisyen")
 - ne ("Nepali")
 - new ("Newari")
 - nso ("Northern Sotho")
 - no ("Norwegian")
 - ny ("Nyanja")
 - oc ("Occitan")
 - or ("Odia")
 - om ("Oromo")
 - os ("Ossetic")
 - pam ("Pampanga")
 - ps ("Pashto")
 - fa ("Persian")
 - pl ("Polish")
 - pt ("Portuguese")
 - pt-PT ("Portuguese (Portugal)")
 - pa ("Punjabi")
 - qu ("Quechua")
 - ro ("Romanian")
 - rn ("Rundi")
 - ru ("Russian")
 - sm ("Samoan")
 - sg ("Sango")
 - sa ("Sanskrit")
 - gd ("Scottish Gaelic")
 - sr ("Serbian")
 - crs ("Seselwa Creole French")
 - sn ("Shona")
 - sd ("Sindhi")
 - si ("Sinhala")
 - sk ("Slovak")
 - sl ("Slovenian")
 - so ("Somali")
 - st ("Southern Sotho")
 - es ("Spanish")
 - su ("Sundanese")
 - sw ("Swahili")
 - ss ("Swati")
 - sv ("Swedish")
 - tg ("Tajik")
 - ta ("Tamil")
 - tt ("Tatar")
 - te ("Telugu")
 - th ("Thai")
 - bo ("Tibetan")
 - ti ("Tigrinya")
 - to ("Tongan")
 - ts ("Tsonga")
 - tn ("Tswana")
 - tum ("Tumbuka")
 - tr ("Turkish")
 - tk ("Turkmen")
 - uk ("Ukrainian")
 - ur ("Urdu")
 - ug ("Uyghur")
 - uz ("Uzbek")
 - ve ("Venda")
 - vi ("Vietnamese")
 - war ("Waray")
 - cy ("Welsh")
 - fy ("Western Frisian")
 - wo ("Wolof")
 - xh ("Xhosa")
 - yi ("Yiddish")
 - yo ("Yoruba")
 - zu ("Zulu")

If you are sure that the described cause is not responsible for this error and that a transcript should be retrievable, please create an issue at https://github.com/jdepoix/youtube-transcript-api/issues. Please add which version of youtube_transcript_api you are using and provide the information needed to replicate the error. Also make sure that there are no open issues which already describe your problem!
2025-05-23 04:07:06 - api.chains.youtube - INFO - Quiz generation result: {
  "status": "error",
  "message": "Failed to get transcript: \nCould not retrieve a transcript for the video https://www.youtube.com/watch?v=BkTQl4N82ic! This is most likely caused by:\n\nNo transcripts were found for any of the requested language codes: ['en']\n\nFor this video (BkTQl4N82ic) transcripts are available in the following languages:\n\n(MANUALLY CREATED)\nNone\n\n(GENERATED)\n - hi (\"Hindi (auto-generated)\")[TRANSLATABLE]\n\n(TRANSLATION LANGUAGES)\n - ab (\"Abkhazian\")\n - aa (\"Afar\")\n - af (\"Afrikaans\")\n - ak (\"Akan\")\n - sq (\"Albanian\")\n - am (\"Amharic\")\n - ar (\"Arabic\")\n - hy (\"Armenian\")\n - as (\"Assamese\")\n - ay (\"Aymara\")\n - az (\"Azerbaijani\")\n - bn (\"Bangla\")\n - ba (\"Bashkir\")\n - eu (\"Basque\")\n - be (\"Belarusian\")\n - bho (\"Bhojpuri\")\n - bs (\"Bosnian\")\n - br (\"Breton\")\n - bg (\"Bulgarian\")\n - my (\"Burmese\")\n - ca (\"Catalan\")\n - ceb (\"Cebuano\")\n - zh-Hans (\"Chinese (Simplified)\")\n - zh-Hant (\"Chinese (Traditional)\")\n - co (\"Corsican\")\n - hr (\"Croatian\")\n - cs (\"Czech\")\n - da (\"Danish\")\n - dv (\"Divehi\")\n - nl (\"Dutch\")\n - dz (\"Dzongkha\")\n - en (\"English\")\n - eo (\"Esperanto\")\n - et (\"Estonian\")\n - ee (\"Ewe\")\n - fo (\"Faroese\")\n - fj (\"Fijian\")\n - fil (\"Filipino\")\n - fi (\"Finnish\")\n - fr (\"French\")\n - gaa (\"Ga\")\n - gl (\"Galician\")\n - lg (\"Ganda\")\n - ka (\"Georgian\")\n - de (\"German\")\n - el (\"Greek\")\n - gn (\"Guarani\")\n - gu (\"Gujarati\")\n - ht (\"Haitian Creole\")\n - ha (\"Hausa\")\n - haw (\"Hawaiian\")\n - iw (\"Hebrew\")\n - hi (\"Hindi\")\n - hmn (\"Hmong\")\n - hu (\"Hungarian\")\n - is (\"Icelandic\")\n - ig (\"Igbo\")\n - id (\"Indonesian\")\n - iu (\"Inuktitut\")\n - ga (\"Irish\")\n - it (\"Italian\")\n - ja (\"Japanese\")\n - jv (\"Javanese\")\n - kl (\"Kalaallisut\")\n - kn (\"Kannada\")\n - kk (\"Kazakh\")\n - kha (\"Khasi\")\n - km (\"Khmer\")\n - rw (\"Kinyarwanda\")\n - ko (\"Korean\")\n - kri (\"Krio\")\n - ku (\"Kurdish\")\n - ky (\"Kyrgyz\")\n - lo (\"Lao\")\n - la (\"Latin\")\n - lv (\"Latvian\")\n - ln (\"Lingala\")\n - lt (\"Lithuanian\")\n - lua (\"Luba-Lulua\")\n - luo (\"Luo\")\n - lb (\"Luxembourgish\")\n - mk (\"Macedonian\")\n - mg (\"Malagasy\")\n - ms (\"Malay\")\n - ml (\"Malayalam\")\n - mt (\"Maltese\")\n - gv (\"Manx\")\n - mi (\"M\u0101ori\")\n - mr (\"Marathi\")\n - mn (\"Mongolian\")\n - mfe (\"Morisyen\")\n - ne (\"Nepali\")\n - new (\"Newari\")\n - nso (\"Northern Sotho\")\n - no (\"Norwegian\")\n - ny (\"Nyanja\")\n - oc (\"Occitan\")\n - or (\"Odia\")\n - om (\"Oromo\")\n - os (\"Ossetic\")\n - pam (\"Pampanga\")\n - ps (\"Pashto\")\n - fa (\"Persian\")\n - pl (\"Polish\")\n - pt (\"Portuguese\")\n - pt-PT (\"Portuguese (Portugal)\")\n - pa (\"Punjabi\")\n - qu (\"Quechua\")\n - ro (\"Romanian\")\n - rn (\"Rundi\")\n - ru (\"Russian\")\n - sm (\"Samoan\")\n - sg (\"Sango\")\n - sa (\"Sanskrit\")\n - gd (\"Scottish Gaelic\")\n - sr (\"Serbian\")\n - crs (\"Seselwa Creole French\")\n - sn (\"Shona\")\n - sd (\"Sindhi\")\n - si (\"Sinhala\")\n - sk (\"Slovak\")\n - sl (\"Slovenian\")\n - so (\"Somali\")\n - st (\"Southern Sotho\")\n - es (\"Spanish\")\n - su (\"Sundanese\")\n - sw (\"Swahili\")\n - ss (\"Swati\")\n - sv (\"Swedish\")\n - tg (\"Tajik\")\n - ta (\"Tamil\")\n - tt (\"Tatar\")\n - te (\"Telugu\")\n - th (\"Thai\")\n - bo (\"Tibetan\")\n - ti (\"Tigrinya\")\n - to (\"Tongan\")\n - ts (\"Tsonga\")\n - tn (\"Tswana\")\n - tum (\"Tumbuka\")\n - tr (\"Turkish\")\n - tk (\"Turkmen\")\n - uk (\"Ukrainian\")\n - ur (\"Urdu\")\n - ug (\"Uyghur\")\n - uz (\"Uzbek\")\n - ve (\"Venda\")\n - vi (\"Vietnamese\")\n - war (\"Waray\")\n - cy (\"Welsh\")\n - fy (\"Western Frisian\")\n - wo (\"Wolof\")\n - xh (\"Xhosa\")\n - yi (\"Yiddish\")\n - yo (\"Yoruba\")\n - zu (\"Zulu\")\n\nIf you are sure that the described cause is not responsible for this error and that a transcript should be retrievable, please create an issue at https://github.com/jdepoix/youtube-transcript-api/issues. Please add which version of youtube_transcript_api you are using and provide the information needed to replicate the error. Also make sure that there are no open issues which already describe your problem!",
  "error_type": "Exception"
}
2025-05-23 04:08:45 - django.utils.autoreload - INFO - C:\Users\DCS\Desktop\fyp\quizapp\api\chains\youtube.py changed, reloading.
